<?xml version="1.0" encoding="UTF-8"?>
<testsuite name="ch.mike.testing.prime.PrimeControllerTest" tests="4" skipped="0" failures="0" errors="0" timestamp="2019-11-27T15:34:52" hostname="LAPTOP-GDUK923R" time="0.34">
  <properties/>
  <testcase name="primesUntil()" classname="ch.mike.testing.prime.PrimeControllerTest" time="0.288"/>
  <testcase name="getFibonacciSequenceCount()" classname="ch.mike.testing.prime.PrimeControllerTest" time="0.009"/>
  <testcase name="getFibonacciSequence()" classname="ch.mike.testing.prime.PrimeControllerTest" time="0.009"/>
  <testcase name="isPrime()" classname="ch.mike.testing.prime.PrimeControllerTest" time="0.023"/>
  <system-out><![CDATA[16:34:48.102 [Test worker] DEBUG org.springframework.test.context.BootstrapUtils - Instantiating CacheAwareContextLoaderDelegate from class [org.springframework.test.context.cache.DefaultCacheAwareContextLoaderDelegate]
16:34:48.122 [Test worker] DEBUG org.springframework.test.context.BootstrapUtils - Instantiating BootstrapContext using constructor [public org.springframework.test.context.support.DefaultBootstrapContext(java.lang.Class,org.springframework.test.context.CacheAwareContextLoaderDelegate)]
16:34:48.163 [Test worker] DEBUG org.springframework.test.context.BootstrapUtils - Instantiating TestContextBootstrapper for test class [ch.mike.testing.prime.PrimeControllerTest] from class [org.springframework.boot.test.context.SpringBootTestContextBootstrapper]
16:34:48.186 [Test worker] INFO org.springframework.boot.test.context.SpringBootTestContextBootstrapper - Neither @ContextConfiguration nor @ContextHierarchy found for test class [ch.mike.testing.prime.PrimeControllerTest], using SpringBootContextLoader
16:34:48.193 [Test worker] DEBUG org.springframework.test.context.support.AbstractContextLoader - Did not detect default resource location for test class [ch.mike.testing.prime.PrimeControllerTest]: class path resource [ch/mike/testing/prime/PrimeControllerTest-context.xml] does not exist
16:34:48.194 [Test worker] DEBUG org.springframework.test.context.support.AbstractContextLoader - Did not detect default resource location for test class [ch.mike.testing.prime.PrimeControllerTest]: class path resource [ch/mike/testing/prime/PrimeControllerTestContext.groovy] does not exist
16:34:48.194 [Test worker] INFO org.springframework.test.context.support.AbstractContextLoader - Could not detect default resource locations for test class [ch.mike.testing.prime.PrimeControllerTest]: no resource found for suffixes {-context.xml, Context.groovy}.
16:34:48.195 [Test worker] INFO org.springframework.test.context.support.AnnotationConfigContextLoaderUtils - Could not detect default configuration classes for test class [ch.mike.testing.prime.PrimeControllerTest]: PrimeControllerTest does not declare any static, non-private, non-final, nested classes annotated with @Configuration.
16:34:48.274 [Test worker] DEBUG org.springframework.test.context.support.ActiveProfilesUtils - Could not find an 'annotation declaring class' for annotation type [org.springframework.test.context.ActiveProfiles] and class [ch.mike.testing.prime.PrimeControllerTest]
16:34:48.404 [Test worker] DEBUG org.springframework.context.annotation.ClassPathScanningCandidateComponentProvider - Identified candidate component class: file [C:\Users\mikem\Desktop\uek223-master\testing\build\classes\java\main\ch\mike\testing\TestingApplication.class]
16:34:48.407 [Test worker] INFO org.springframework.boot.test.context.SpringBootTestContextBootstrapper - Found @SpringBootConfiguration ch.mike.testing.TestingApplication for test class ch.mike.testing.prime.PrimeControllerTest
16:34:48.541 [Test worker] DEBUG org.springframework.boot.test.context.SpringBootTestContextBootstrapper - @TestExecutionListeners is not present for class [ch.mike.testing.prime.PrimeControllerTest]: using defaults.
16:34:48.543 [Test worker] INFO org.springframework.boot.test.context.SpringBootTestContextBootstrapper - Loaded default TestExecutionListener class names from location [META-INF/spring.factories]: [org.springframework.boot.test.autoconfigure.restdocs.RestDocsTestExecutionListener, org.springframework.boot.test.autoconfigure.web.client.MockRestServiceServerResetTestExecutionListener, org.springframework.boot.test.autoconfigure.web.servlet.MockMvcPrintOnlyOnFailureTestExecutionListener, org.springframework.boot.test.autoconfigure.web.servlet.WebDriverTestExecutionListener, org.springframework.boot.test.mock.mockito.MockitoTestExecutionListener, org.springframework.boot.test.mock.mockito.ResetMocksTestExecutionListener, org.springframework.test.context.web.ServletTestExecutionListener, org.springframework.test.context.support.DirtiesContextBeforeModesTestExecutionListener, org.springframework.test.context.support.DependencyInjectionTestExecutionListener, org.springframework.test.context.support.DirtiesContextTestExecutionListener, org.springframework.test.context.transaction.TransactionalTestExecutionListener, org.springframework.test.context.jdbc.SqlScriptsTestExecutionListener, org.springframework.test.context.event.EventPublishingTestExecutionListener]
16:34:48.557 [Test worker] DEBUG org.springframework.boot.test.context.SpringBootTestContextBootstrapper - Skipping candidate TestExecutionListener [org.springframework.test.context.transaction.TransactionalTestExecutionListener] due to a missing dependency. Specify custom listener classes or make the default listener classes and their required dependencies available. Offending class: [org/springframework/transaction/interceptor/TransactionAttributeSource]
16:34:48.558 [Test worker] DEBUG org.springframework.boot.test.context.SpringBootTestContextBootstrapper - Skipping candidate TestExecutionListener [org.springframework.test.context.jdbc.SqlScriptsTestExecutionListener] due to a missing dependency. Specify custom listener classes or make the default listener classes and their required dependencies available. Offending class: [org/springframework/transaction/interceptor/TransactionAttribute]
16:34:48.558 [Test worker] INFO org.springframework.boot.test.context.SpringBootTestContextBootstrapper - Using TestExecutionListeners: [org.springframework.test.context.web.ServletTestExecutionListener@578d54a1, org.springframework.test.context.support.DirtiesContextBeforeModesTestExecutionListener@66e5969, org.springframework.boot.test.mock.mockito.MockitoTestExecutionListener@42771cf3, org.springframework.boot.test.autoconfigure.SpringBootDependencyInjectionTestExecutionListener@359860a9, org.springframework.test.context.support.DirtiesContextTestExecutionListener@80d02e7, org.springframework.test.context.event.EventPublishingTestExecutionListener@7cdcb79e, org.springframework.boot.test.autoconfigure.restdocs.RestDocsTestExecutionListener@636ac72, org.springframework.boot.test.autoconfigure.web.client.MockRestServiceServerResetTestExecutionListener@70dd1935, org.springframework.boot.test.autoconfigure.web.servlet.MockMvcPrintOnlyOnFailureTestExecutionListener@10a737f3, org.springframework.boot.test.autoconfigure.web.servlet.WebDriverTestExecutionListener@95e123e, org.springframework.boot.test.mock.mockito.ResetMocksTestExecutionListener@3ab86a5b]
16:34:48.564 [Test worker] DEBUG org.springframework.test.context.support.AbstractDirtiesContextTestExecutionListener - Before test class: context [DefaultTestContext@851c581 testClass = PrimeControllerTest, testInstance = [null], testMethod = [null], testException = [null], mergedContextConfiguration = [WebMergedContextConfiguration@4d40fecc testClass = PrimeControllerTest, locations = '{}', classes = '{class ch.mike.testing.TestingApplication}', contextInitializerClasses = '[]', activeProfiles = '{}', propertySourceLocations = '{}', propertySourceProperties = '{org.springframework.boot.test.context.SpringBootTestContextBootstrapper=true}', contextCustomizers = set[org.springframework.boot.test.autoconfigure.properties.PropertyMappingContextCustomizer@4b3fa0b3, org.springframework.boot.test.autoconfigure.web.servlet.WebDriverContextCustomizerFactory$Customizer@4fd51718, [ImportsContextCustomizer@39ba6068 key = [org.springframework.boot.test.autoconfigure.web.servlet.MockMvcAutoConfiguration, org.springframework.boot.test.autoconfigure.web.servlet.MockMvcWebClientAutoConfiguration, org.springframework.boot.test.autoconfigure.web.servlet.MockMvcWebDriverAutoConfiguration, org.springframework.boot.autoconfigure.security.servlet.SecurityAutoConfiguration, org.springframework.boot.autoconfigure.security.servlet.UserDetailsServiceAutoConfiguration, org.springframework.boot.test.autoconfigure.web.servlet.MockMvcSecurityConfiguration]], org.springframework.boot.test.context.filter.ExcludeFilterContextCustomizer@6dc2c36f, org.springframework.boot.test.json.DuplicateJsonObjectContextCustomizerFactory$DuplicateJsonObjectContextCustomizer@45acc2c6, org.springframework.boot.test.mock.mockito.MockitoContextCustomizer@c9429ead, org.springframework.boot.test.web.client.TestRestTemplateContextCustomizer@25eb0f49], resourceBasePath = 'src/main/webapp', contextLoader = 'org.springframework.boot.test.context.SpringBootContextLoader', parent = [null]], attributes = map['org.springframework.test.context.web.ServletTestExecutionListener.activateListener' -> true]], class annotated with @DirtiesContext [false] with mode [null].
16:34:48.599 [Test worker] DEBUG org.springframework.test.context.support.TestPropertySourceUtils - Adding inlined properties to environment: {spring.jmx.enabled=false, org.springframework.boot.test.context.SpringBootTestContextBootstrapper=true, server.port=-1}

  .   ____          _            __ _ _
 /\\ / ___'_ __ _ _(_)_ __  __ _ \ \ \ \
( ( )\___ | '_ | '_| | '_ \/ _` | \ \ \ \
 \\/  ___)| |_)| | | | | || (_| |  ) ) ) )
  '  |____| .__|_| |_|_| |_\__, | / / / /
 =========|_|==============|___/=/_/_/_/
 :: Spring Boot ::        (v2.2.1.RELEASE)

2019-11-27 16:34:49.114  INFO 16548 --- [    Test worker] c.m.testing.prime.PrimeControllerTest    : Starting PrimeControllerTest on LAPTOP-GDUK923R with PID 16548 (started by Mike M in C:\Users\mikem\Desktop\uek223-master\testing)
2019-11-27 16:34:49.117  INFO 16548 --- [    Test worker] c.m.testing.prime.PrimeControllerTest    : No active profile set, falling back to default profiles: default
2019-11-27 16:34:51.977  INFO 16548 --- [    Test worker] o.s.s.concurrent.ThreadPoolTaskExecutor  : Initializing ExecutorService 'applicationTaskExecutor'
2019-11-27 16:34:52.347  INFO 16548 --- [    Test worker] o.s.b.t.m.w.SpringBootMockServletContext : Initializing Spring TestDispatcherServlet ''
2019-11-27 16:34:52.347  INFO 16548 --- [    Test worker] o.s.t.web.servlet.TestDispatcherServlet  : Initializing Servlet ''
2019-11-27 16:34:52.368  INFO 16548 --- [    Test worker] o.s.t.web.servlet.TestDispatcherServlet  : Completed initialization in 21 ms
2019-11-27 16:34:52.393  INFO 16548 --- [    Test worker] c.m.testing.prime.PrimeControllerTest    : Started PrimeControllerTest in 3.775 seconds (JVM running for 6.14)
]]></system-out>
  <system-err><![CDATA[]]></system-err>
</testsuite>
